Start at: Wed Apr  3 18:09:52 2019

Start at: Wed Apr  3 18:10:31 2019

Start at: Thu Apr  4 11:40:23 2019

Start at: Thu Apr  4 11:45:07 2019

Start at: Thu Apr  4 11:49:47 2019

Start at: Thu Apr  4 11:51:26 2019

Start at: Thu Apr  4 11:55:00 2019

Start at: Thu Apr  4 12:01:26 2019

Start at: Thu Apr  4 12:01:56 2019

Start at: Thu Apr  4 13:01:02 2019

Start at: Thu Apr  4 13:02:08 2019

Start at: Thu Apr  4 13:03:04 2019

Start at: Thu Apr  4 13:04:53 2019

Start at: Thu Apr  4 13:06:15 2019

Start at: Thu Apr  4 13:07:08 2019

Start at: Thu Apr  4 13:07:21 2019

Start at: Thu Apr  4 13:08:04 2019

Start at: Thu Apr  4 13:23:03 2019

Start at: Thu Apr  4 13:24:14 2019

Start at: Thu Apr  4 13:26:41 2019

Start at: Thu Apr  4 13:30:43 2019

Start at: Thu Apr  4 13:32:07 2019

Start at: Thu Apr  4 13:40:24 2019

Start at: Thu Apr  4 13:40:47 2019

Start at: Thu Apr  4 13:41:14 2019

Start at: Thu Apr  4 13:58:40 2019

Start at: Thu Apr  4 14:00:01 2019

Start at: Thu Apr  4 14:01:08 2019

Start at: Thu Apr  4 14:02:48 2019

Start at: Thu Apr  4 14:02:59 2019

Start at: Thu Apr  4 14:22:46 2019

Start at: Thu Apr  4 14:23:04 2019

Start at: Thu Apr  4 14:23:25 2019

Start at: Thu Apr  4 14:29:55 2019
Apr  4 14:29:55 读取配置文件成功！

Start at: Thu Apr  4 14:31:09 2019
Apr  4 14:31:09 没有读取到配置文件

Start at: Thu Apr  4 14:48:40 2019
Apr  4 14:48:40 读取配置文件成功！
Apr  4 14:48:40 等待连接...
Apr  4 14:49:09 连接上了('192.168.168.101', 49986)

Start at: Thu Apr  4 14:57:18 2019
Apr  4 14:57:18 读取配置文件成功！

Start at: Thu Apr  4 15:06:07 2019
Apr  4 15:06:07 读取配置文件成功！

Start at: Thu Apr  4 15:46:40 2019
Apr  4 15:46:40 读取配置文件成功！
Apr  4 15:46:40 等待连接...
Apr  4 15:46:49 连接上了('192.168.168.101', 50061)

Start at: Thu Apr  4 15:48:20 2019
Apr  4 15:48:20 读取配置文件成功！
Apr  4 15:48:20 等待连接...
Apr  4 15:48:22 连接上了('192.168.168.101', 50064)

Start at: Thu Apr  4 15:49:37 2019
Apr  4 15:49:37 读取配置文件成功！

Start at: Thu Apr  4 15:50:22 2019
Apr  4 15:50:22 读取配置文件成功！
Apr  4 15:50:22 等待连接...
Apr  4 15:50:25 连接上了('192.168.168.101', 50070)

